#
# There is insufficient memory for the Java Runtime Environment to continue.
# Native memory allocation (malloc) failed to allocate 2119536 bytes for Chunk::new
# Possible reasons:
#   The system is out of physical RAM or swap space
#   The process is running with CompressedOops enabled, and the Java Heap may be blocking the growth of the native heap
# Possible solutions:
#   Reduce memory load on the system
#   Increase physical memory or swap space
#   Check if swap backing store is full
#   Decrease Java heap size (-Xmx/-Xms)
#   Decrease number of Java threads
#   Decrease Java thread stack sizes (-Xss)
#   Set larger code cache with -XX:ReservedCodeCacheSize=
#   JVM is running with Unscaled Compressed Oops mode in which the Java heap is
#     placed in the first 4GB address space. The Java Heap base address is the
#     maximum limit for the native heap growth. Please use -XX:HeapBaseMinAddress
#     to set the Java Heap base and to place the Java Heap above 4GB virtual address.
# This output file may be truncated or incomplete.
#
#  Out of Memory Error (arena.cpp:189), pid=12740, tid=17824
#
# JRE version: OpenJDK Runtime Environment Temurin-17.0.3+7 (17.0.3+7) (build 17.0.3+7)
# Java VM: OpenJDK 64-Bit Server VM Temurin-17.0.3+7 (17.0.3+7, mixed mode, tiered, compressed oops, compressed class ptrs, parallel gc, windows-amd64)
# No core dump will be written. Minidumps are not enabled by default on client versions of Windows
#

---------------  S U M M A R Y ------------

Command Line: --add-modules=ALL-SYSTEM --add-opens=java.base/java.util=ALL-UNNAMED --add-opens=java.base/java.lang=ALL-UNNAMED --add-opens=java.base/sun.nio.fs=ALL-UNNAMED -Declipse.application=org.eclipse.jdt.ls.core.id1 -Dosgi.bundles.defaultStartLevel=4 -Declipse.product=org.eclipse.jdt.ls.core.product -Djava.import.generatesMetadataFilesAtProjectRoot=false -Dfile.encoding=utf8 -DwatchParentProcess=false -XX:+UseParallelGC -XX:GCTimeRatio=4 -XX:AdaptiveSizePolicyWeight=90 -Dsun.zip.disableMemoryMapping=true -Xmx1G -Xms100m -XX:+HeapDumpOnOutOfMemoryError -XX:HeapDumpPath=c:\Users\CPPLIS\AppData\Roaming\Code\User\workspaceStorage\c25d2d46448f202916c89e807820905d\redhat.java c:\Users\CPPLIS\.vscode\extensions\redhat.java-1.9.2022071304-win32-x64\server\plugins\org.eclipse.equinox.launcher_1.6.400.v20210924-0641.jar -configuration c:\Users\CPPLIS\AppData\Roaming\Code\User\globalStorage\redhat.java\1.9.2022071304\config_win -data c:\Users\CPPLIS\AppData\Roaming\Code\User\workspaceStorage\c25d2d46448f202916c89e807820905d\redhat.java\jdt_ws

Host: Intel(R) Core(TM) i5-8350U CPU @ 1.70GHz, 8 cores, 7G,  Windows 10 , 64 bit Build 18362 (10.0.18362.1082)
Time: Thu Jul 14 17:33:31 2022 China Standard Time elapsed time: 2.744495 seconds (0d 0h 0m 2s)

---------------  T H R E A D  ---------------

Current thread (0x000002182fc45520):  JavaThread "C2 CompilerThread0" daemon [_thread_in_native, id=17824, stack(0x000000cf59400000,0x000000cf59500000)]


Current CompileTask:
C2:   2744 1756       4       org.apache.felix.resolver.ResolverImpl::mergeUses (495 bytes)

Stack: [0x000000cf59400000,0x000000cf59500000]
Native frames: (J=compiled Java code, j=interpreted, Vv=VM code, C=native code)
V  [jvm.dll+0x675efa]
V  [jvm.dll+0x830a24]
V  [jvm.dll+0x8321ce]
V  [jvm.dll+0x832833]
V  [jvm.dll+0x2454b5]
V  [jvm.dll+0xabd7b]
V  [jvm.dll+0xac30c]
V  [jvm.dll+0x3635d2]
V  [jvm.dll+0x32dca1]
V  [jvm.dll+0x32d14a]
V  [jvm.dll+0x218361]
V  [jvm.dll+0x217781]
V  [jvm.dll+0x1a3ccd]
V  [jvm.dll+0x227178]
V  [jvm.dll+0x2252bc]
V  [jvm.dll+0x7e673b]
V  [jvm.dll+0x7e0cfa]
V  [jvm.dll+0x674d85]
C  [ucrtbase.dll+0x20e82]
C  [KERNEL32.DLL+0x17bd4]
C  [ntdll.dll+0x6ce51]


---------------  P R O C E S S  ---------------

Threads class SMR info:
_java_thread_list=0x000002183223c070, length=26, elements={
0x000002181a322c30, 0x000002182e194170, 0x000002182e194de0, 0x000002182fc3f8a0,
0x000002182fc40420, 0x000002182fc40fa0, 0x000002182fc42870, 0x000002182fc45520,
0x000002182fc71ce0, 0x000002182e197f80, 0x000002182fd1eee0, 0x000002182ff26130,
0x0000021831026ce0, 0x00000218310271b0, 0x000002183132f5e0, 0x000002183132feb0,
0x00000218313a2050, 0x000002182feddfc0, 0x0000021830d53810, 0x000002183107d350,
0x000002183107d820, 0x000002183109fa60, 0x000002183107dcf0, 0x000002183107e1c0,
0x000002183107e690, 0x0000021832806be0
}

Java Threads: ( => current thread )
  0x000002181a322c30 JavaThread "main" [_thread_blocked, id=19692, stack(0x000000cf58b00000,0x000000cf58c00000)]
  0x000002182e194170 JavaThread "Reference Handler" daemon [_thread_blocked, id=17788, stack(0x000000cf58e00000,0x000000cf58f00000)]
  0x000002182e194de0 JavaThread "Finalizer" daemon [_thread_blocked, id=1580, stack(0x000000cf58f00000,0x000000cf59000000)]
  0x000002182fc3f8a0 JavaThread "Signal Dispatcher" daemon [_thread_blocked, id=22652, stack(0x000000cf59000000,0x000000cf59100000)]
  0x000002182fc40420 JavaThread "Attach Listener" daemon [_thread_blocked, id=22684, stack(0x000000cf59100000,0x000000cf59200000)]
  0x000002182fc40fa0 JavaThread "Service Thread" daemon [_thread_blocked, id=7032, stack(0x000000cf59200000,0x000000cf59300000)]
  0x000002182fc42870 JavaThread "Monitor Deflation Thread" daemon [_thread_blocked, id=1432, stack(0x000000cf59300000,0x000000cf59400000)]
=>0x000002182fc45520 JavaThread "C2 CompilerThread0" daemon [_thread_in_native, id=17824, stack(0x000000cf59400000,0x000000cf59500000)]
  0x000002182fc71ce0 JavaThread "C1 CompilerThread0" daemon [_thread_in_vm, id=12400, stack(0x000000cf59500000,0x000000cf59600000)]
  0x000002182e197f80 JavaThread "Sweeper thread" daemon [_thread_blocked, id=16608, stack(0x000000cf59600000,0x000000cf59700000)]
  0x000002182fd1eee0 JavaThread "Common-Cleaner" daemon [_thread_blocked, id=13572, stack(0x000000cf59700000,0x000000cf59800000)]
  0x000002182ff26130 JavaThread "Notification Thread" daemon [_thread_blocked, id=21780, stack(0x000000cf59900000,0x000000cf59a00000)]
  0x0000021831026ce0 JavaThread "Equinox resolver thread - Equinox Container: 043ae39f-f73e-45c2-b727-352a0e7afe4d" daemon [_thread_blocked, id=12284, stack(0x000000cf59b00000,0x000000cf59c00000)]
  0x00000218310271b0 JavaThread "Equinox resolver thread - Equinox Container: 043ae39f-f73e-45c2-b727-352a0e7afe4d" daemon [_thread_blocked, id=22608, stack(0x000000cf59c00000,0x000000cf59d00000)]
  0x000002183132f5e0 JavaThread "Equinox resolver thread - Equinox Container: 043ae39f-f73e-45c2-b727-352a0e7afe4d" daemon [_thread_blocked, id=24792, stack(0x000000cf59d00000,0x000000cf59e00000)]
  0x000002183132feb0 JavaThread "Equinox resolver thread - Equinox Container: 043ae39f-f73e-45c2-b727-352a0e7afe4d" daemon [_thread_blocked, id=18508, stack(0x000000cf59e00000,0x000000cf59f00000)]
  0x00000218313a2050 JavaThread "Equinox resolver thread - Equinox Container: 043ae39f-f73e-45c2-b727-352a0e7afe4d" daemon [_thread_blocked, id=17996, stack(0x000000cf59f00000,0x000000cf5a000000)]
  0x000002182feddfc0 JavaThread "Equinox resolver thread - Equinox Container: 043ae39f-f73e-45c2-b727-352a0e7afe4d" daemon [_thread_blocked, id=23916, stack(0x000000cf5a000000,0x000000cf5a100000)]
  0x0000021830d53810 JavaThread "Active Thread: Equinox Container: 043ae39f-f73e-45c2-b727-352a0e7afe4d" [_thread_blocked, id=4844, stack(0x000000cf5a100000,0x000000cf5a200000)]
  0x000002183107d350 JavaThread "Framework Event Dispatcher: Equinox Container: 043ae39f-f73e-45c2-b727-352a0e7afe4d" daemon [_thread_blocked, id=22212, stack(0x000000cf5a700000,0x000000cf5a800000)]
  0x000002183107d820 JavaThread "Start Level: Equinox Container: 043ae39f-f73e-45c2-b727-352a0e7afe4d" daemon [_thread_in_Java, id=14956, stack(0x000000cf5a800000,0x000000cf5a900000)]
  0x000002183109fa60 JavaThread "C2 CompilerThread1" daemon [_thread_blocked, id=19412, stack(0x000000cf5a900000,0x000000cf5aa00000)]
  0x000002183107dcf0 JavaThread "Refresh Thread: Equinox Container: 043ae39f-f73e-45c2-b727-352a0e7afe4d" daemon [_thread_blocked, id=24788, stack(0x000000cf5aa00000,0x000000cf5ab00000)]
  0x000002183107e1c0 JavaThread "Equinox resolver thread - Equinox Container: 043ae39f-f73e-45c2-b727-352a0e7afe4d" daemon [_thread_blocked, id=16552, stack(0x000000cf5ab00000,0x000000cf5ac00000)]
  0x000002183107e690 JavaThread "Equinox resolver thread - Equinox Container: 043ae39f-f73e-45c2-b727-352a0e7afe4d" daemon [_thread_blocked, id=8524, stack(0x000000cf5ac00000,0x000000cf5ad00000)]
  0x0000021832806be0 JavaThread "SCR Component Actor" daemon [_thread_blocked, id=6424, stack(0x000000cf5ad00000,0x000000cf5ae00000)]

Other Threads:
  0x000002182fc30c20 VMThread "VM Thread" [stack: 0x000000cf58d00000,0x000000cf58e00000] [id=25484]
  0x000002182ff26600 WatcherThread [stack: 0x000000cf59a00000,0x000000cf59b00000] [id=25236]
  0x000002181a339d10 GCTaskThread "GC Thread#0" [stack: 0x000000cf58c00000,0x000000cf58d00000] [id=8940]
  0x000002182ff33330 GCTaskThread "GC Thread#1" [stack: 0x000000cf59800000,0x000000cf59900000] [id=24936]
  0x000002182feef570 GCTaskThread "GC Thread#2" [stack: 0x000000cf5a200000,0x000000cf5a300000] [id=25496]
  0x000002183107af40 GCTaskThread "GC Thread#3" [stack: 0x000000cf5a300000,0x000000cf5a400000] [id=14616]
  0x000002183107c620 GCTaskThread "GC Thread#4" [stack: 0x000000cf5a400000,0x000000cf5a500000] [id=24760]
  0x000002183107c8d0 GCTaskThread "GC Thread#5" [stack: 0x000000cf5a500000,0x000000cf5a600000] [id=12552]
  0x000002183107cb80 GCTaskThread "GC Thread#6" [stack: 0x000000cf5a600000,0x000000cf5a700000] [id=24820]

Threads with active compile tasks:
C2 CompilerThread0     2835 1756       4       org.apache.felix.resolver.ResolverImpl::mergeUses (495 bytes)
C1 CompilerThread0     2835 1997       3       sun.invoke.util.VerifyType::isNullConversion (157 bytes)

VM state: not at safepoint (normal execution)

VM Mutex/Monitor currently owned by a thread: None

Heap address: 0x00000000c0000000, size: 1024 MB, Compressed Oops mode: 32-bit

CDS archive(s) not mapped
Compressed class space mapped at: 0x0000000100000000-0x0000000140000000, reserved size: 1073741824
Narrow klass base: 0x0000000000000000, Narrow klass shift: 3, Narrow klass range: 0x140000000

GC Precious Log:
 CPUs: 8 total, 8 available
 Memory: 8066M
 Large Page Support: Disabled
 NUMA Support: Disabled
 Compressed Oops: Enabled (32-bit)
 Alignments: Space 512K, Generation 512K, Heap 2M
 Heap Min Capacity: 100M
 Heap Initial Capacity: 100M
 Heap Max Capacity: 1G
 Pre-touch: Disabled
 Parallel Workers: 8

Heap:
 PSYoungGen      total 29696K, used 15644K [0x00000000eab00000, 0x00000000ecc00000, 0x0000000100000000)
  eden space 25600K, 45% used [0x00000000eab00000,0x00000000eb6491d0,0x00000000ec400000)
  from space 4096K, 99% used [0x00000000ec800000,0x00000000ecbfe168,0x00000000ecc00000)
  to   space 4096K, 0% used [0x00000000ec400000,0x00000000ec400000,0x00000000ec800000)
 ParOldGen       total 68608K, used 3425K [0x00000000c0000000, 0x00000000c4300000, 0x00000000eab00000)
  object space 68608K, 4% used [0x00000000c0000000,0x00000000c03585e8,0x00000000c4300000)
 Metaspace       used 14223K, committed 14464K, reserved 1064960K
  class space    used 1432K, committed 1536K, reserved 1048576K

Card table byte_map: [0x0000021819cd0000,0x0000021819ee0000] _byte_map_base: 0x00000218196d0000

Marking Bits: (ParMarkBitMap*) 0x00007ffeee9c4b80
 Begin Bits: [0x000002182bfa0000, 0x000002182cfa0000)
 End Bits:   [0x000002182cfa0000, 0x000002182dfa0000)

Polling page: 0x0000021818280000

Metaspace:

Usage:
  Non-class:     12.49 MB used.
      Class:      1.40 MB used.
       Both:     13.89 MB used.

Virtual space:
  Non-class space:       16.00 MB reserved,      12.63 MB ( 79%) committed,  2 nodes.
      Class space:        1.00 GB reserved,       1.50 MB ( <1%) committed,  1 nodes.
             Both:        1.02 GB reserved,      14.13 MB (  1%) committed. 

Chunk freelists:
   Non-Class:  3.25 MB
       Class:  2.52 MB
        Both:  5.78 MB

MaxMetaspaceSize: unlimited
CompressedClassSpaceSize: 1.00 GB
Initial GC threshold: 21.00 MB
Current GC threshold: 21.00 MB
CDS: off
MetaspaceReclaimPolicy: balanced
 - commit_granule_bytes: 65536.
 - commit_granule_words: 8192.
 - virtual_space_node_default_size: 1048576.
 - enlarge_chunks_in_place: 1.
 - new_chunks_are_fully_committed: 0.
 - uncommit_free_chunks: 1.
 - use_allocation_guard: 0.
 - handle_deallocations: 1.


Internal statistics:

num_allocs_failed_limit: 0.
num_arena_births: 78.
num_arena_deaths: 0.
num_vsnodes_births: 3.
num_vsnodes_deaths: 0.
num_space_committed: 226.
num_space_uncommitted: 0.
num_chunks_returned_to_freelist: 0.
num_chunks_taken_from_freelist: 287.
num_chunk_merges: 0.
num_chunk_splits: 187.
num_chunks_enlarged: 145.
num_purges: 0.
num_inconsistent_stats: 0.

CodeHeap 'non-profiled nmethods': size=120000Kb used=735Kb max_used=735Kb free=119264Kb
 bounds [0x0000021824a70000, 0x0000021824ce0000, 0x000002182bfa0000]
CodeHeap 'profiled nmethods': size=120000Kb used=4023Kb max_used=4023Kb free=115976Kb
 bounds [0x000002181d540000, 0x000002181d930000, 0x0000021824a70000]
CodeHeap 'non-nmethods': size=5760Kb used=1152Kb max_used=1172Kb free=4607Kb
 bounds [0x000002181cfa0000, 0x000002181d210000, 0x000002181d540000]
 total_blobs=2436 nmethods=1995 adapters=355
 compilation: enabled
              stopped_count=0, restarted_count=0
 full_count=0

Compilation events (20 events):
Event: 2.699 Thread 0x000002182fc71ce0 1919       3       java.lang.ref.Reference::<init> (7 bytes)
Event: 2.699 Thread 0x000002182fc71ce0 nmethod 1919 0x000002181d90d210 code [0x000002181d90d3c0, 0x000002181d90d5f8]
Event: 2.700 Thread 0x000002182fc71ce0 1920       1       java.lang.invoke.InfoFromMemberName::getReferenceKind (5 bytes)
Event: 2.701 Thread 0x000002182fc71ce0 nmethod 1920 0x0000021824b20010 code [0x0000021824b201a0, 0x0000021824b20278]
Event: 2.702 Thread 0x000002183109fa60 1921       4       jdk.internal.jimage.ImageStringsReader::unmaskedHashCode (166 bytes)
Event: 2.703 Thread 0x000002182fc71ce0 1922       3       java.lang.invoke.MemberName::isCallerSensitive (7 bytes)
Event: 2.703 Thread 0x000002182fc71ce0 nmethod 1922 0x000002181d90d710 code [0x000002181d90d8c0, 0x000002181d90daf8]
Event: 2.704 Thread 0x000002182fc71ce0 1923   !   3       org.eclipse.osgi.internal.loader.BundleLoader::getModuleClassLoader (196 bytes)
Event: 2.706 Thread 0x000002183109fa60 nmethod 1921 0x0000021824b20310 code [0x0000021824b204a0, 0x0000021824b20688]
Event: 2.706 Thread 0x000002182fc71ce0 nmethod 1923 0x000002181d90dc10 code [0x000002181d90dfa0, 0x000002181d90f568]
Event: 2.706 Thread 0x000002182fc71ce0 1924       3       org.eclipse.osgi.internal.framework.BundleContextImpl::checkValid (44 bytes)
Event: 2.707 Thread 0x000002182fc71ce0 nmethod 1924 0x000002181d90ff10 code [0x000002181d910180, 0x000002181d910ba8]
Event: 2.707 Thread 0x000002182fc71ce0 1925       1       org.eclipse.osgi.internal.hookregistry.ClassLoaderHook::getClassPathEntries (2 bytes)
Event: 2.707 Thread 0x000002182fc71ce0 nmethod 1925 0x0000021824b20890 code [0x0000021824b20a20, 0x0000021824b20af8]
Event: 2.710 Thread 0x000002182fc71ce0 1926       3       org.eclipse.osgi.internal.serviceregistry.FilteredServiceListener::serviceChanged (284 bytes)
Event: 2.714 Thread 0x000002182fc71ce0 nmethod 1926 0x000002181d910f90 code [0x000002181d9115e0, 0x000002181d9143d8]
Event: 2.716 Thread 0x000002182fc71ce0 1927       1       org.eclipse.osgi.container.ModuleRevision::getRevisionInfo (5 bytes)
Event: 2.716 Thread 0x000002182fc71ce0 nmethod 1927 0x0000021824b20b90 code [0x0000021824b20d20, 0x0000021824b20df8]
Event: 2.717 Thread 0x000002182fc71ce0 1928   !   3       org.eclipse.osgi.internal.log.ExtendedLogReaderServiceFactory::safeIsLoggable (30 bytes)
Event: 2.717 Thread 0x000002182fc71ce0 nmethod 1928 0x000002181d915390 code [0x000002181d9155a0, 0x000002181d915c78]

GC Heap History (4 events):
Event: 1.498 GC heap before
{Heap before GC invocations=1 (full 0):
 PSYoungGen      total 29696K, used 25600K [0x00000000eab00000, 0x00000000ecc00000, 0x0000000100000000)
  eden space 25600K, 100% used [0x00000000eab00000,0x00000000ec400000,0x00000000ec400000)
  from space 4096K, 0% used [0x00000000ec800000,0x00000000ec800000,0x00000000ecc00000)
  to   space 4096K, 0% used [0x00000000ec400000,0x00000000ec400000,0x00000000ec800000)
 ParOldGen       total 68608K, used 0K [0x00000000c0000000, 0x00000000c4300000, 0x00000000eab00000)
  object space 68608K, 0% used [0x00000000c0000000,0x00000000c0000000,0x00000000c4300000)
 Metaspace       used 12656K, committed 12800K, reserved 1064960K
  class space    used 1284K, committed 1344K, reserved 1048576K
}
Event: 1.505 GC heap after
{Heap after GC invocations=1 (full 0):
 PSYoungGen      total 29696K, used 3336K [0x00000000eab00000, 0x00000000ecc00000, 0x0000000100000000)
  eden space 25600K, 0% used [0x00000000eab00000,0x00000000eab00000,0x00000000ec400000)
  from space 4096K, 81% used [0x00000000ec400000,0x00000000ec7422f8,0x00000000ec800000)
  to   space 4096K, 0% used [0x00000000ec800000,0x00000000ec800000,0x00000000ecc00000)
 ParOldGen       total 68608K, used 24K [0x00000000c0000000, 0x00000000c4300000, 0x00000000eab00000)
  object space 68608K, 0% used [0x00000000c0000000,0x00000000c0006000,0x00000000c4300000)
 Metaspace       used 12656K, committed 12800K, reserved 1064960K
  class space    used 1284K, committed 1344K, reserved 1048576K
}
Event: 2.249 GC heap before
{Heap before GC invocations=2 (full 0):
 PSYoungGen      total 29696K, used 28936K [0x00000000eab00000, 0x00000000ecc00000, 0x0000000100000000)
  eden space 25600K, 100% used [0x00000000eab00000,0x00000000ec400000,0x00000000ec400000)
  from space 4096K, 81% used [0x00000000ec400000,0x00000000ec7422f8,0x00000000ec800000)
  to   space 4096K, 0% used [0x00000000ec800000,0x00000000ec800000,0x00000000ecc00000)
 ParOldGen       total 68608K, used 24K [0x00000000c0000000, 0x00000000c4300000, 0x00000000eab00000)
  object space 68608K, 0% used [0x00000000c0000000,0x00000000c0006000,0x00000000c4300000)
 Metaspace       used 13182K, committed 13312K, reserved 1064960K
  class space    used 1324K, committed 1408K, reserved 1048576K
}
Event: 2.256 GC heap after
{Heap after GC invocations=2 (full 0):
 PSYoungGen      total 29696K, used 4088K [0x00000000eab00000, 0x00000000ecc00000, 0x0000000100000000)
  eden space 25600K, 0% used [0x00000000eab00000,0x00000000eab00000,0x00000000ec400000)
  from space 4096K, 99% used [0x00000000ec800000,0x00000000ecbfe168,0x00000000ecc00000)
  to   space 4096K, 0% used [0x00000000ec400000,0x00000000ec400000,0x00000000ec800000)
 ParOldGen       total 68608K, used 3425K [0x00000000c0000000, 0x00000000c4300000, 0x00000000eab00000)
  object space 68608K, 4% used [0x00000000c0000000,0x00000000c03585e8,0x00000000c4300000)
 Metaspace       used 13182K, committed 13312K, reserved 1064960K
  class space    used 1324K, committed 1408K, reserved 1048576K
}

Deoptimization events (20 events):
Event: 2.129 Thread 0x000002183107dcf0 Uncommon trap: trap_request=0xffffff45 fr.pc=0x0000021824afc584 relative=0x00000000000000e4
Event: 2.129 Thread 0x000002183107dcf0 Uncommon trap: reason=unstable_if action=reinterpret pc=0x0000021824afc584 method=org.eclipse.osgi.internal.framework.FilterImpl$Parser.skipWhiteSpace()V @ 39 c2
Event: 2.129 Thread 0x000002183107dcf0 DEOPT PACKING pc=0x0000021824afc584 sp=0x000000cf5aafe490
Event: 2.129 Thread 0x000002183107dcf0 DEOPT UNPACKING pc=0x000002181cff20a3 sp=0x000000cf5aafe430 mode 2
Event: 2.364 Thread 0x0000021831026ce0 Uncommon trap: trap_request=0xffffff45 fr.pc=0x0000021824b06284 relative=0x0000000000000264
Event: 2.364 Thread 0x0000021831026ce0 Uncommon trap: reason=unstable_if action=reinterpret pc=0x0000021824b06284 method=java.util.concurrent.ConcurrentHashMap.get(Ljava/lang/Object;)Ljava/lang/Object; @ 86 c2
Event: 2.364 Thread 0x0000021831026ce0 DEOPT PACKING pc=0x0000021824b06284 sp=0x000000cf59bff040
Event: 2.364 Thread 0x0000021831026ce0 DEOPT UNPACKING pc=0x000002181cff20a3 sp=0x000000cf59bfefb8 mode 2
Event: 2.538 Thread 0x000002183107dcf0 Uncommon trap: trap_request=0xffffff45 fr.pc=0x0000021824ac8ae0 relative=0x00000000000008c0
Event: 2.538 Thread 0x000002183107dcf0 Uncommon trap: reason=unstable_if action=reinterpret pc=0x0000021824ac8ae0 method=java.util.HashMap.putVal(ILjava/lang/Object;Ljava/lang/Object;ZZ)Ljava/lang/Object; @ 81 c2
Event: 2.538 Thread 0x000002183107dcf0 DEOPT PACKING pc=0x0000021824ac8ae0 sp=0x000000cf5aafd4b0
Event: 2.539 Thread 0x000002183107dcf0 DEOPT UNPACKING pc=0x000002181cff20a3 sp=0x000000cf5aafd430 mode 2
Event: 2.539 Thread 0x000002183107dcf0 Uncommon trap: trap_request=0xffffff45 fr.pc=0x0000021824ad96d4 relative=0x0000000000000934
Event: 2.539 Thread 0x000002183107dcf0 Uncommon trap: reason=unstable_if action=reinterpret pc=0x0000021824ad96d4 method=java.util.HashMap.putVal(ILjava/lang/Object;Ljava/lang/Object;ZZ)Ljava/lang/Object; @ 81 c2
Event: 2.539 Thread 0x000002183107dcf0 DEOPT PACKING pc=0x0000021824ad96d4 sp=0x000000cf5aafd660
Event: 2.539 Thread 0x000002183107dcf0 DEOPT UNPACKING pc=0x000002181cff20a3 sp=0x000000cf5aafd588 mode 2
Event: 2.540 Thread 0x000002183107dcf0 Uncommon trap: trap_request=0xffffff45 fr.pc=0x0000021824ae7304 relative=0x00000000000008e4
Event: 2.540 Thread 0x000002183107dcf0 Uncommon trap: reason=unstable_if action=reinterpret pc=0x0000021824ae7304 method=java.util.HashMap.putVal(ILjava/lang/Object;Ljava/lang/Object;ZZ)Ljava/lang/Object; @ 81 c2
Event: 2.540 Thread 0x000002183107dcf0 DEOPT PACKING pc=0x0000021824ae7304 sp=0x000000cf5aafd610
Event: 2.540 Thread 0x000002183107dcf0 DEOPT UNPACKING pc=0x000002181cff20a3 sp=0x000000cf5aafd4a8 mode 2

Classes unloaded (0 events):
No events

Classes redefined (0 events):
No events

Internal exceptions (20 events):
Event: 0.725 Thread 0x000002181a322c30 Exception <a 'java/io/FileNotFoundException'{0x00000000eafba2b8}> (0x00000000eafba2b8) 
thrown [e:\jenkins\tmp\workspace\build\src\src\hotspot\share\prims\jni.cpp, line 516]
Event: 0.935 Thread 0x000002181a322c30 Exception <a 'java/lang/ClassNotFoundException'{0x00000000eb67dc68}: sun/net/www/protocol/c/Handler> (0x00000000eb67dc68) 
thrown [e:\jenkins\tmp\workspace\build\src\src\hotspot\share\classfile\systemDictionary.cpp, line 256]
Event: 0.935 Thread 0x000002181a322c30 Exception <a 'java/lang/ClassNotFoundException'{0x00000000eb67f0b0}: sun/net/www/protocol/c/Handler> (0x00000000eb67f0b0) 
thrown [e:\jenkins\tmp\workspace\build\src\src\hotspot\share\classfile\systemDictionary.cpp, line 256]
Event: 0.936 Thread 0x000002181a322c30 Exception <a 'java/lang/ClassNotFoundException'{0x00000000eb6803e0}: sun/net/www/protocol/c/Handler> (0x00000000eb6803e0) 
thrown [e:\jenkins\tmp\workspace\build\src\src\hotspot\share\classfile\systemDictionary.cpp, line 256]
Event: 0.951 Thread 0x000002181a322c30 Exception <a 'java/io/FileNotFoundException'{0x00000000eb6a2b40}> (0x00000000eb6a2b40) 
thrown [e:\jenkins\tmp\workspace\build\src\src\hotspot\share\prims\jni.cpp, line 516]
Event: 0.992 Thread 0x000002181a322c30 Implicit null exception at 0x0000021824a97bc0 to 0x0000021824a98514
Event: 0.992 Thread 0x000002181a322c30 Implicit null exception at 0x0000021824aa47ec to 0x0000021824aa49ec
Event: 0.992 Thread 0x000002181a322c30 Implicit null exception at 0x0000021824a9f96c to 0x0000021824a9fb4c
Event: 0.992 Thread 0x000002181a322c30 Implicit null exception at 0x0000021824a7c90f to 0x0000021824a7c989
Event: 1.047 Thread 0x000002181a322c30 Exception <a 'java/lang/NoSuchMethodError'{0x00000000eb87ea50}: 'int java.lang.invoke.DirectMethodHandle$Holder.invokeStaticInit(java.lang.Object, java.lang.Object, java.lang.Object, java.lang.Object)'> (0x00000000eb87ea50) 
thrown [e:\jenkins\tmp\workspace\build\src\src\hotspot\share\interpreter\linkResolver.cpp, line 766]
Event: 1.049 Thread 0x000002181a322c30 Exception <a 'java/lang/NoSuchMethodError'{0x00000000eb8890c0}: 'java.lang.Object java.lang.invoke.DirectMethodHandle$Holder.invokeInterface(java.lang.Object, java.lang.Object)'> (0x00000000eb8890c0) 
thrown [e:\jenkins\tmp\workspace\build\src\src\hotspot\share\interpreter\linkResolver.cpp, line 766]
Event: 1.049 Thread 0x000002181a322c30 Exception <a 'java/lang/IncompatibleClassChangeError'{0x00000000eb88c8b8}: Found class java.lang.Object, but interface was expected> (0x00000000eb88c8b8) 
thrown [e:\jenkins\tmp\workspace\build\src\src\hotspot\share\interpreter\linkResolver.cpp, line 833]
Event: 1.050 Thread 0x000002181a322c30 Exception <a 'java/lang/NoSuchMethodError'{0x00000000eb88f7d8}: 'void java.lang.invoke.DirectMethodHandle$Holder.invokeStatic(java.lang.Object, java.lang.Object)'> (0x00000000eb88f7d8) 
thrown [e:\jenkins\tmp\workspace\build\src\src\hotspot\share\interpreter\linkResolver.cpp, line 766]
Event: 1.051 Thread 0x000002181a322c30 Exception <a 'java/lang/NoSuchMethodError'{0x00000000eb892fd8}: 'void java.lang.invoke.DirectMethodHandle$Holder.invokeStaticInit(java.lang.Object, java.lang.Object)'> (0x00000000eb892fd8) 
thrown [e:\jenkins\tmp\workspace\build\src\src\hotspot\share\interpreter\linkResolver.cpp, line 766]
Event: 1.052 Thread 0x000002181a322c30 Exception <a 'java/lang/NoSuchMethodError'{0x00000000eb898ae8}: 'int java.lang.invoke.DirectMethodHandle$Holder.invokeStaticInit(java.lang.Object, java.lang.Object)'> (0x00000000eb898ae8) 
thrown [e:\jenkins\tmp\workspace\build\src\src\hotspot\share\interpreter\linkResolver.cpp, line 766]
Event: 1.271 Thread 0x000002181a322c30 Exception <a 'java/lang/NoSuchMethodError'{0x00000000ebd50498}: 'int java.lang.invoke.DirectMethodHandle$Holder.invokeSpecial(java.lang.Object, java.lang.Object, java.lang.Object)'> (0x00000000ebd50498) 
thrown [e:\jenkins\tmp\workspace\build\src\src\hotspot\share\interpreter\linkResolver.cpp, line 766]
Event: 1.399 Thread 0x000002181a322c30 Exception <a 'java/lang/NoSuchMethodError'{0x00000000ec2b08b8}: 'java.lang.Object java.lang.invoke.DirectMethodHandle$Holder.newInvokeSpecial(java.lang.Object, int, java.lang.Object)'> (0x00000000ec2b08b8) 
thrown [e:\jenkins\tmp\workspace\build\src\src\hotspot\share\interpreter\linkResolver.cpp, line 766]
Event: 2.048 Thread 0x000002181a322c30 Exception <a 'java/lang/UnsatisfiedLinkError'{0x00000000ebf287d0}: 'void org.eclipse.equinox.launcher.JNIBridge._update_splash()'> (0x00000000ebf287d0) 
thrown [e:\jenkins\tmp\workspace\build\src\src\hotspot\share\prims\nativeLookup.cpp, line 543]
Event: 2.083 Thread 0x000002183107dcf0 Exception <a 'java/lang/NoSuchMethodError'{0x00000000ebf9e6d8}: 'java.lang.Object java.lang.invoke.Invokers$Holder.invokeExact_MT(java.lang.Object, java.lang.Object, java.lang.Object, java.lang.Object, java.lang.Object, java.lang.Object)'> (0x00000000ebf9e6d8) 
thrown [e:\jenkins\tmp\workspace\build\src\src\hotspot\share\interpreter\linkResolver.cpp, line 766]
Event: 2.698 Thread 0x000002183107d820 Exception <a 'java/lang/NoSuchMethodError'{0x00000000eb578378}: 'java.lang.Object java.lang.invoke.DirectMethodHandle$Holder.invokeStaticInit(java.lang.Object)'> (0x00000000eb578378) 
thrown [e:\jenkins\tmp\workspace\build\src\src\hotspot\share\interpreter\linkResolver.cpp, line 766]

VM Operations (14 events):
Event: 0.355 Executing VM operation: HandshakeAllThreads
Event: 0.355 Executing VM operation: HandshakeAllThreads done
Event: 1.319 Executing VM operation: ICBufferFull
Event: 1.320 Executing VM operation: ICBufferFull done
Event: 1.370 Executing VM operation: HandshakeAllThreads
Event: 1.370 Executing VM operation: HandshakeAllThreads done
Event: 1.498 Executing VM operation: ParallelGCFailedAllocation
Event: 1.505 Executing VM operation: ParallelGCFailedAllocation done
Event: 2.078 Executing VM operation: HandshakeAllThreads
Event: 2.078 Executing VM operation: HandshakeAllThreads done
Event: 2.144 Executing VM operation: HandshakeAllThreads
Event: 2.144 Executing VM operation: HandshakeAllThreads done
Event: 2.249 Executing VM operation: ParallelGCFailedAllocation
Event: 2.256 Executing VM operation: ParallelGCFailedAllocation done

Events (20 events):
Event: 2.085 loading class java/util/Comparators$NaturalOrderComparator done
Event: 2.085 loading class java/util/Collections$ReverseComparator2
Event: 2.085 loading class java/util/Collections$ReverseComparator2 done
Event: 2.091 loading class java/util/function/BiPredicate
Event: 2.091 loading class java/util/function/BiPredicate done
Event: 2.143 loading class java/util/TreeMap$EntrySet
Event: 2.143 loading class java/util/TreeMap$EntrySet done
Event: 2.143 loading class java/util/TreeMap$EntryIterator
Event: 2.143 loading class java/util/TreeMap$EntryIterator done
Event: 2.162 Thread 0x000002183107e1c0 Thread added: 0x000002183107e1c0
Event: 2.162 Thread 0x000002183107e690 Thread added: 0x000002183107e690
Event: 2.164 loading class java/util/AbstractList$Itr
Event: 2.165 loading class java/util/AbstractList$Itr done
Event: 2.585 loading class java/util/concurrent/CountDownLatch
Event: 2.585 loading class java/util/concurrent/CountDownLatch done
Event: 2.585 loading class java/util/concurrent/CountDownLatch$Sync
Event: 2.585 loading class java/util/concurrent/CountDownLatch$Sync done
Event: 2.637 loading class java/util/TimerTask
Event: 2.637 loading class java/util/TimerTask done
Event: 2.666 Thread 0x0000021832806be0 Thread added: 0x0000021832806be0


Dynamic libraries:
0x00007ff67f350000 - 0x00007ff67f35e000 	c:\Users\CPPLIS\.vscode\extensions\redhat.java-1.9.2022071304-win32-x64\jre\17.0.3-win32-x86_64\bin\java.exe
0x00007fff55a00000 - 0x00007fff55bf0000 	C:\WINDOWS\SYSTEM32\ntdll.dll
0x00007fff54fc0000 - 0x00007fff55072000 	C:\WINDOWS\System32\KERNEL32.DLL
0x00007fff52ae0000 - 0x00007fff52d85000 	C:\WINDOWS\System32\KERNELBASE.dll
0x00007fff53180000 - 0x00007fff5327a000 	C:\WINDOWS\System32\ucrtbase.dll
0x00007fff45850000 - 0x00007fff45868000 	c:\Users\CPPLIS\.vscode\extensions\redhat.java-1.9.2022071304-win32-x64\jre\17.0.3-win32-x86_64\bin\jli.dll
0x00007fff53bf0000 - 0x00007fff53d85000 	C:\WINDOWS\System32\USER32.dll
0x00007fff530b0000 - 0x00007fff530d1000 	C:\WINDOWS\System32\win32u.dll
0x00007fff54870000 - 0x00007fff54896000 	C:\WINDOWS\System32\GDI32.dll
0x00007fff52d90000 - 0x00007fff52f26000 	C:\WINDOWS\System32\gdi32full.dll
0x00007fff3f4e0000 - 0x00007fff3f4f9000 	c:\Users\CPPLIS\.vscode\extensions\redhat.java-1.9.2022071304-win32-x64\jre\17.0.3-win32-x86_64\bin\VCRUNTIME140.dll
0x00007fff530e0000 - 0x00007fff5317e000 	C:\WINDOWS\System32\msvcp_win.dll
0x00007fff405f0000 - 0x00007fff40874000 	C:\WINDOWS\WinSxS\amd64_microsoft.windows.common-controls_6595b64144ccf1df_6.0.18362.1082_none_9e8193e1e45b25c1\COMCTL32.dll
0x00007fff54d80000 - 0x00007fff54e1e000 	C:\WINDOWS\System32\msvcrt.dll
0x00007fff54a40000 - 0x00007fff54d75000 	C:\WINDOWS\System32\combase.dll
0x00007fff558a0000 - 0x00007fff559c0000 	C:\WINDOWS\System32\RPCRT4.dll
0x00007fff52f30000 - 0x00007fff52fb0000 	C:\WINDOWS\System32\bcryptPrimitives.dll
0x00007fff54e20000 - 0x00007fff54e4e000 	C:\WINDOWS\System32\IMM32.DLL
0x00007fff4fd40000 - 0x00007fff4fd4c000 	c:\Users\CPPLIS\.vscode\extensions\redhat.java-1.9.2022071304-win32-x64\jre\17.0.3-win32-x86_64\bin\vcruntime140_1.dll
0x00007ffefba30000 - 0x00007ffefbac1000 	c:\Users\CPPLIS\.vscode\extensions\redhat.java-1.9.2022071304-win32-x64\jre\17.0.3-win32-x86_64\bin\msvcp140.dll
0x00007ffeede40000 - 0x00007ffeeea88000 	c:\Users\CPPLIS\.vscode\extensions\redhat.java-1.9.2022071304-win32-x64\jre\17.0.3-win32-x86_64\bin\server\jvm.dll
0x00007fff547b0000 - 0x00007fff54853000 	C:\WINDOWS\System32\ADVAPI32.dll
0x00007fff54e50000 - 0x00007fff54ee7000 	C:\WINDOWS\System32\sechost.dll
0x00007fff53ef0000 - 0x00007fff53ef8000 	C:\WINDOWS\System32\PSAPI.DLL
0x00007fff50760000 - 0x00007fff50769000 	C:\WINDOWS\SYSTEM32\WSOCK32.dll
0x00007fff55610000 - 0x00007fff5567f000 	C:\WINDOWS\System32\WS2_32.dll
0x00007fff4ef30000 - 0x00007fff4ef54000 	C:\WINDOWS\SYSTEM32\WINMM.dll
0x00007fff51740000 - 0x00007fff5174a000 	C:\WINDOWS\SYSTEM32\VERSION.dll
0x00007fff4ef00000 - 0x00007fff4ef2d000 	C:\WINDOWS\SYSTEM32\WINMMBASE.dll
0x00007fff53a60000 - 0x00007fff53aaa000 	C:\WINDOWS\System32\cfgmgr32.dll
0x00007fff528d0000 - 0x00007fff528e1000 	C:\WINDOWS\System32\kernel.appcore.dll
0x00007fff4efd0000 - 0x00007fff4efda000 	c:\Users\CPPLIS\.vscode\extensions\redhat.java-1.9.2022071304-win32-x64\jre\17.0.3-win32-x86_64\bin\jimage.dll
0x00007fff50300000 - 0x00007fff504f4000 	C:\WINDOWS\SYSTEM32\DBGHELP.DLL
0x00007fff502d0000 - 0x00007fff502fa000 	C:\WINDOWS\SYSTEM32\dbgcore.DLL
0x00007fff38310000 - 0x00007fff38335000 	c:\Users\CPPLIS\.vscode\extensions\redhat.java-1.9.2022071304-win32-x64\jre\17.0.3-win32-x86_64\bin\java.dll
0x00007fff3e6c0000 - 0x00007fff3e6d8000 	c:\Users\CPPLIS\.vscode\extensions\redhat.java-1.9.2022071304-win32-x64\jre\17.0.3-win32-x86_64\bin\zip.dll
0x00007fff53f00000 - 0x00007fff545e7000 	C:\WINDOWS\System32\SHELL32.dll
0x00007fff548a0000 - 0x00007fff54949000 	C:\WINDOWS\System32\shcore.dll
0x00007fff532e0000 - 0x00007fff53a60000 	C:\WINDOWS\System32\windows.storage.dll
0x00007fff52910000 - 0x00007fff52933000 	C:\WINDOWS\System32\profapi.dll
0x00007fff52940000 - 0x00007fff5298a000 	C:\WINDOWS\System32\powrprof.dll
0x00007fff528c0000 - 0x00007fff528d0000 	C:\WINDOWS\System32\UMPDC.dll
0x00007fff53d90000 - 0x00007fff53de2000 	C:\WINDOWS\System32\shlwapi.dll
0x00007fff52fe0000 - 0x00007fff52ff7000 	C:\WINDOWS\System32\cryptsp.dll
0x00007fff39830000 - 0x00007fff39849000 	C:\Users\CPPLIS\.vscode\extensions\redhat.java-1.9.2022071304-win32-x64\jre\17.0.3-win32-x86_64\bin\net.dll
0x00007fff41ce0000 - 0x00007fff41dd0000 	C:\WINDOWS\SYSTEM32\WINHTTP.dll
0x00007fff52110000 - 0x00007fff52177000 	C:\WINDOWS\system32\mswsock.dll
0x00007fff2db00000 - 0x00007fff2db15000 	C:\Users\CPPLIS\.vscode\extensions\redhat.java-1.9.2022071304-win32-x64\jre\17.0.3-win32-x86_64\bin\nio.dll
0x00007fff22ef0000 - 0x00007fff22f2e000 	C:\Users\CPPLIS\AppData\Roaming\Code\User\globalStorage\redhat.java\1.9.2022071304\config_win\org.eclipse.equinox.launcher\org.eclipse.equinox.launcher.win32.win32.x86_64_1.2.500.v20220509-0833\eclipse_11700.dll
0x00007fff545f0000 - 0x00007fff54747000 	C:\WINDOWS\System32\ole32.dll

dbghelp: loaded successfully - version: 4.0.5 - missing functions: none
symbol engine: initialized successfully - sym options: 0x614 - pdb path: .;c:\Users\CPPLIS\.vscode\extensions\redhat.java-1.9.2022071304-win32-x64\jre\17.0.3-win32-x86_64\bin;C:\WINDOWS\SYSTEM32;C:\WINDOWS\WinSxS\amd64_microsoft.windows.common-controls_6595b64144ccf1df_6.0.18362.1082_none_9e8193e1e45b25c1;c:\Users\CPPLIS\.vscode\extensions\redhat.java-1.9.2022071304-win32-x64\jre\17.0.3-win32-x86_64\bin\server;C:\Users\CPPLIS\AppData\Roaming\Code\User\globalStorage\redhat.java\1.9.2022071304\config_win\org.eclipse.equinox.launcher\org.eclipse.equinox.launcher.win32.win32.x86_64_1.2.500.v20220509-0833

VM Arguments:
jvm_args: --add-modules=ALL-SYSTEM --add-opens=java.base/java.util=ALL-UNNAMED --add-opens=java.base/java.lang=ALL-UNNAMED --add-opens=java.base/sun.nio.fs=ALL-UNNAMED -Declipse.application=org.eclipse.jdt.ls.core.id1 -Dosgi.bundles.defaultStartLevel=4 -Declipse.product=org.eclipse.jdt.ls.core.product -Djava.import.generatesMetadataFilesAtProjectRoot=false -Dfile.encoding=utf8 -DwatchParentProcess=false -XX:+UseParallelGC -XX:GCTimeRatio=4 -XX:AdaptiveSizePolicyWeight=90 -Dsun.zip.disableMemoryMapping=true -Xmx1G -Xms100m -XX:+HeapDumpOnOutOfMemoryError -XX:HeapDumpPath=c:\Users\CPPLIS\AppData\Roaming\Code\User\workspaceStorage\c25d2d46448f202916c89e807820905d\redhat.java 
java_command: c:\Users\CPPLIS\.vscode\extensions\redhat.java-1.9.2022071304-win32-x64\server\plugins\org.eclipse.equinox.launcher_1.6.400.v20210924-0641.jar -configuration c:\Users\CPPLIS\AppData\Roaming\Code\User\globalStorage\redhat.java\1.9.2022071304\config_win -data c:\Users\CPPLIS\AppData\Roaming\Code\User\workspaceStorage\c25d2d46448f202916c89e807820905d\redhat.java\jdt_ws
java_class_path (initial): c:\Users\CPPLIS\.vscode\extensions\redhat.java-1.9.2022071304-win32-x64\server\plugins\org.eclipse.equinox.launcher_1.6.400.v20210924-0641.jar
Launcher Type: SUN_STANDARD

[Global flags]
    uintx AdaptiveSizePolicyWeight                 = 90                                        {product} {command line}
     intx CICompilerCount                          = 4                                         {product} {ergonomic}
    uintx GCTimeRatio                              = 4                                         {product} {command line}
     bool HeapDumpOnOutOfMemoryError               = true                                   {manageable} {command line}
    ccstr HeapDumpPath                             = c:\Users\CPPLIS\AppData\Roaming\Code\User\workspaceStorage\c25d2d46448f202916c89e807820905d\redhat.java         {manageable} {command line}
   size_t InitialHeapSize                          = 104857600                                 {product} {command line}
   size_t MaxHeapSize                              = 1073741824                                {product} {command line}
   size_t MaxNewSize                               = 357564416                                 {product} {ergonomic}
   size_t MinHeapDeltaBytes                        = 524288                                    {product} {ergonomic}
   size_t MinHeapSize                              = 104857600                                 {product} {command line}
   size_t NewSize                                  = 34603008                                  {product} {ergonomic}
    uintx NonNMethodCodeHeapSize                   = 5839372                                {pd product} {ergonomic}
    uintx NonProfiledCodeHeapSize                  = 122909434                              {pd product} {ergonomic}
   size_t OldSize                                  = 70254592                                  {product} {ergonomic}
    uintx ProfiledCodeHeapSize                     = 122909434                              {pd product} {ergonomic}
    uintx ReservedCodeCacheSize                    = 251658240                              {pd product} {ergonomic}
     bool SegmentedCodeCache                       = true                                      {product} {ergonomic}
   size_t SoftMaxHeapSize                          = 1073741824                             {manageable} {ergonomic}
     bool UseCompressedClassPointers               = true                           {product lp64_product} {ergonomic}
     bool UseCompressedOops                        = true                           {product lp64_product} {ergonomic}
     bool UseLargePagesIndividualAllocation        = false                                  {pd product} {ergonomic}
     bool UseParallelGC                            = true                                      {product} {command line}

Logging:
Log output configuration:
 #0: stdout all=warning uptime,level,tags
 #1: stderr all=off uptime,level,tags

Environment Variables:
JAVA_HOME=C:\Program Files\Java\jdk1.8.0_73
PATH=C:\Program Files\Common Files\Oracle\Java\javapath;C:\Program Files (x86)\Common Files\Oracle\Java\javapath;C:\ProgramData\Oracle\Java\javapath;C:\WINDOWS\system32;C:\WINDOWS;C:\WINDOWS\System32\Wbem;C:\WINDOWS\System32\WindowsPowerShell\v1.0\;C:\WINDOWS\System32\OpenSSH\;C:\Program Files\Intel\WiFi\bin\;C:\Program Files\Common Files\Intel\WirelessCommon\;C:\Program Files\nodejs\;C:\Program Files (x86)\Webex\Plugins;C:\Users\CPPLIS\AppData\Local\Programs\Python\Launcher\;C:\Users\CPPLIS\AppData\Local\Microsoft\WindowsApps;C:\Users\CPPLIS\AppData\Local\Programs\Microsoft VS Code\bin;C:\Lingesh\Calidris\Softwares\apache-maven-3.5.4-bin\apache-maven-3.5.4\bin;C:\Lingesh\Calidris\Softwares\PortableGit\bin;C:\Program Files\Java\jdk1.8.0_73\bin;C:\Lingesh\Flutter\flutter_windows_1.17.4-stable\flutter\bin;C:\Lingesh\Personal\Learning\Python\Scripts;C:\Lingesh\Personal\Learning\Python;C:\Users\CPPLIS\Documents\groovy-3.0.8\bin;C:\Users\CPPLIS\AppData\Local\Programs\Git\cmd;C:\Program Files\Java\jdk-11.0.8\bin;
USERNAME=CPPLIS
OS=Windows_NT
PROCESSOR_IDENTIFIER=Intel64 Family 6 Model 142 Stepping 10, GenuineIntel



---------------  S Y S T E M  ---------------

OS:
 Windows 10 , 64 bit Build 18362 (10.0.18362.1082)
OS uptime: 2 days 7:45 hours

CPU: total 8 (initial active 8) (4 cores per cpu, 2 threads per core) family 6 model 142 stepping 10 microcode 0xb4, cx8, cmov, fxsr, ht, mmx, 3dnowpref, sse, sse2, sse3, ssse3, sse4.1, sse4.2, popcnt, lzcnt, tsc, tscinvbit, avx, avx2, aes, erms, clmul, bmi1, bmi2, rtm, adx, fma, vzeroupper, clflush, clflushopt

Memory: 4k page, system-wide physical 8066M (517M free)
TotalPageFile size 24205M (AvailPageFile size 1M)
current process WorkingSet (physical memory assigned to process): 105M, peak: 105M
current process commit charge ("private bytes"): 222M, peak: 223M

vm_info: OpenJDK 64-Bit Server VM (17.0.3+7) for windows-amd64 JRE (17.0.3+7), built on Apr 19 2022 16:55:35 by "" with MS VC++ 16.7 (VS2019)

END.
